SF:lib\app\app_module.dart
DA:6,5
DA:7,5
DA:9,0
DA:10,0
DA:11,0
DA:12,0
LF:6
LH:2
end_of_record
SF:lib\app\modules\restaurants\restaurant_module.dart
DA:8,1
DA:9,1
DA:10,1
DA:11,1
DA:12,0
DA:15,0
DA:16,0
DA:17,0
DA:18,0
DA:19,0
DA:21,0
DA:23,0
LF:12
LH:4
end_of_record
SF:lib\app\modules\splash\splash_module.dart
DA:5,0
DA:6,0
DA:8,0
DA:9,0
DA:10,0
DA:11,0
DA:12,0
LF:7
LH:0
end_of_record
SF:lib\app\modules\meal-info\meal_info_module.dart
DA:7,0
DA:8,0
DA:9,0
DA:12,0
DA:13,0
DA:14,0
DA:15,0
DA:16,0
LF:8
LH:0
end_of_record
SF:lib\app\modules\meal-info\presenter\ui\meal_info_page.dart
DA:11,1
DA:13,1
DA:15,1
DA:16,1
DA:17,1
DA:18,1
DA:20,1
DA:21,1
DA:22,1
DA:23,1
DA:26,1
DA:27,2
DA:29,1
DA:32,0
DA:33,0
DA:34,0
DA:35,0
DA:36,0
DA:43,1
DA:46,1
DA:47,0
DA:48,0
DA:50,1
DA:51,1
DA:53,1
DA:54,1
DA:56,1
DA:58,1
DA:66,1
DA:68,1
DA:70,1
DA:71,1
DA:72,2
DA:73,1
DA:76,1
DA:78,1
DA:79,1
DA:80,4
DA:81,1
DA:100,1
DA:101,2
DA:102,1
DA:108,1
DA:109,2
DA:110,1
DA:115,1
DA:117,1
DA:121,1
DA:122,1
DA:123,1
LF:50
LH:43
end_of_record
SF:lib\app\modules\menu\domain\entities\meal_entity.dart
DA:14,6
DA:24,1
DA:26,1
DA:27,1
DA:28,1
DA:29,1
DA:30,1
DA:31,1
DA:32,1
LF:9
LH:9
end_of_record
SF:lib\app\modules\meal-info\presenter\ui\widgets\meal_list_view_widget.dart
DA:7,1
DA:9,1
DA:11,1
DA:13,1
DA:14,1
DA:16,1
DA:18,1
DA:19,2
DA:21,1
DA:24,0
DA:25,0
DA:26,0
DA:27,0
DA:28,0
LF:14
LH:9
end_of_record
SF:lib\app\shared\themes\app_colors.dart
DA:4,0
DA:5,2
DA:6,2
DA:7,4
DA:8,2
DA:9,2
DA:10,2
DA:11,0
LF:8
LH:6
end_of_record
SF:lib\app\shared\themes\app_text_styles.dart
DA:5,6
DA:6,2
DA:10,0
DA:11,0
DA:15,3
DA:16,1
DA:20,3
DA:21,1
DA:25,0
DA:26,0
DA:30,0
DA:31,0
LF:12
LH:6
end_of_record
SF:lib\generated\l10n.dart
DA:16,4
DA:20,3
DA:21,3
DA:28,4
DA:29,4
DA:30,0
DA:31,4
DA:32,4
DA:33,12
DA:34,4
DA:35,4
DA:42,2
DA:43,2
DA:44,2
DA:49,2
DA:50,2
DA:54,0
DA:55,0
DA:59,0
DA:64,1
DA:65,1
DA:69,1
DA:74,0
DA:75,0
DA:79,0
DA:84,0
DA:85,0
DA:89,0
DA:94,1
DA:95,1
DA:99,1
DA:104,1
DA:105,1
DA:107,1
DA:114,1
DA:119,0
DA:120,0
DA:122,0
DA:131,0
DA:136,0
DA:137,0
DA:139,0
DA:153,0
DA:158,1
DA:159,1
DA:160,1
DA:165,1
DA:167,1
DA:168,1
DA:171,1
DA:176,1
DA:177,1
DA:181,1
DA:186,1
DA:187,1
DA:191,1
DA:196,1
DA:197,1
DA:201,1
DA:209,10
DA:211,2
DA:218,2
DA:219,2
DA:220,2
DA:221,2
DA:222,0
DA:225,2
DA:226,4
DA:227,6
LF:69
LH:50
end_of_record
SF:lib\app\modules\menu\data\datasource\menu_datasource_impl.dart
DA:8,1
DA:12,2
DA:13,1
DA:14,1
DA:16,0
DA:20,1
DA:24,2
DA:25,1
DA:26,1
DA:28,0
LF:10
LH:8
end_of_record
SF:lib\app\modules\menu\infra\models\meal_model.dart
DA:5,4
DA:14,1
DA:15,1
DA:16,1
DA:17,1
DA:18,1
DA:19,1
DA:20,1
DA:21,2
DA:22,1
DA:26,1
DA:27,4
LF:12
LH:12
end_of_record
SF:lib\app\modules\menu\domain\enum\meal_enum.dart
DA:17,1
DA:18,2
DA:19,3
DA:20,1
DA:24,0
DA:25,0
LF:6
LH:4
end_of_record
SF:lib\app\modules\menu\domain\errors\errors.dart
DA:4,3
DA:8,2
DA:12,1
LF:3
LH:3
end_of_record
SF:lib\app\modules\menu\domain\usecases\get_restaurant_meal.dart
DA:16,1
DA:18,1
DA:20,1
DA:21,1
DA:23,1
DA:27,1
DA:28,2
DA:29,3
DA:30,1
DA:31,2
DA:32,4
DA:37,1
DA:38,2
DA:39,3
DA:40,1
DA:41,2
DA:42,4
LF:17
LH:17
end_of_record
SF:lib\app\modules\restaurants\domain\infra\restaurant_enum.dart
DA:6,1
DA:8,1
DA:9,2
DA:10,1
DA:11,2
DA:15,0
DA:17,0
DA:18,0
DA:20,0
DA:21,0
LF:10
LH:5
end_of_record
SF:lib\app\modules\menu\infra\repository\menu_repository_impl.dart
DA:12,1
DA:14,1
DA:18,2
DA:20,4
DA:23,1
DA:26,1
DA:30,2
DA:32,4
DA:35,1
LF:9
LH:9
end_of_record
SF:lib\app\modules\menu\menu_module.dart
DA:13,4
DA:14,4
DA:15,4
DA:16,0
DA:17,4
DA:18,0
DA:19,4
DA:20,0
DA:21,4
DA:22,4
DA:23,0
DA:26,0
DA:27,0
DA:28,0
DA:29,0
DA:30,0
DA:32,0
LF:17
LH:7
end_of_record
SF:lib\app\modules\menu\presenter\bloc\menu_bloc.dart
DA:19,2
DA:20,4
DA:21,4
DA:22,4
DA:23,4
DA:24,4
DA:27,2
DA:29,4
DA:30,8
DA:31,2
DA:32,4
DA:33,2
DA:34,2
DA:35,2
DA:41,1
DA:42,2
DA:43,2
DA:44,5
DA:45,4
DA:47,1
DA:48,2
DA:49,2
DA:50,1
DA:52,1
DA:53,1
DA:54,5
DA:56,1
DA:57,1
DA:63,1
DA:64,2
DA:65,2
DA:66,5
DA:67,4
DA:69,1
DA:70,2
DA:71,2
DA:72,1
DA:74,1
DA:75,4
DA:77,1
DA:78,1
DA:79,2
DA:85,0
DA:87,0
DA:88,0
DA:89,0
DA:90,0
DA:91,0
DA:92,0
DA:93,0
DA:94,0
LF:51
LH:42
end_of_record
SF:lib\app\modules\menu\presenter\bloc\menu_state.dart
DA:4,2
DA:6,1
DA:7,1
DA:18,2
DA:20,1
DA:21,3
DA:27,1
DA:29,1
DA:30,2
LF:9
LH:9
end_of_record
SF:lib\app\modules\menu\presenter\bloc\menu_event.dart
DA:4,3
DA:6,0
DA:7,0
DA:15,1
DA:17,0
DA:18,0
DA:24,1
DA:26,0
DA:27,0
DA:33,0
DA:35,0
DA:36,0
LF:12
LH:3
end_of_record
SF:lib\app\modules\menu\presenter\ui\pages\menu_page.dart
DA:15,11
DA:17,1
DA:19,1
DA:20,1
DA:21,1
DA:22,5
DA:23,1
DA:24,1
DA:25,1
DA:26,1
DA:27,1
DA:29,1
DA:31,2
DA:36,1
DA:42,2
DA:43,1
DA:46,1
DA:47,0
DA:48,0
DA:49,0
DA:52,1
DA:53,1
DA:54,1
DA:56,1
DA:57,1
DA:59,1
DA:60,1
DA:61,2
DA:62,1
DA:64,1
DA:71,1
DA:72,1
DA:74,1
DA:75,1
DA:79,1
DA:81,1
DA:85,1
DA:86,1
DA:87,1
DA:88,0
DA:93,0
DA:96,0
DA:97,0
DA:100,0
DA:101,0
DA:103,0
DA:104,0
DA:106,0
DA:107,0
DA:108,0
DA:110,0
DA:111,0
DA:112,0
DA:114,0
DA:125,1
DA:126,1
DA:127,1
DA:131,1
DA:132,0
DA:133,0
DA:134,0
DA:135,0
DA:137,0
DA:138,0
DA:139,0
DA:141,0
DA:142,0
DA:151,0
DA:152,0
DA:153,0
DA:159,1
DA:160,0
DA:161,0
DA:164,3
LF:74
LH:42
end_of_record
SF:lib\app\modules\menu\presenter\ui\widgets\appbar\drop_down_restaurant_widget.dart
DA:10,1
DA:12,1
DA:14,1
DA:15,1
DA:17,1
DA:18,2
DA:19,1
DA:21,3
DA:23,1
DA:24,0
DA:25,0
DA:26,0
LF:12
LH:9
end_of_record
SF:lib\app\modules\menu\presenter\ui\widgets\filter_button_widget.dart
DA:10,0
DA:16,0
DA:18,0
DA:19,0
DA:20,0
DA:22,0
DA:23,0
DA:24,0
DA:27,0
LF:9
LH:0
end_of_record
SF:lib\app\modules\menu\presenter\ui\widgets\meal_card_widget.dart
DA:12,0
DA:15,0
DA:17,0
DA:19,0
DA:20,0
DA:22,0
DA:23,0
DA:24,0
DA:26,0
DA:27,0
DA:29,0
DA:32,0
DA:33,0
DA:34,0
DA:36,0
DA:37,0
DA:39,0
DA:40,0
DA:42,0
DA:45,0
DA:46,0
DA:47,0
DA:48,0
DA:49,0
DA:57,0
DA:58,0
DA:61,0
DA:64,0
DA:65,0
DA:67,0
DA:68,0
DA:71,0
DA:72,0
DA:75,0
DA:76,0
DA:77,0
DA:78,0
LF:37
LH:0
end_of_record
SF:lib\app\modules\menu\presenter\ui\widgets\error_loading_menu_widget.dart
DA:6,0
DA:8,0
DA:10,0
DA:12,0
DA:13,0
DA:16,0
DA:21,0
DA:22,0
DA:23,0
LF:9
LH:0
end_of_record
SF:lib\app\modules\restaurants\domain\entities\restaurant_entity.dart
DA:7,11
DA:9,0
DA:10,0
DA:11,0
LF:4
LH:1
end_of_record
SF:lib\app\modules\restaurants\domain\usecases\get_restaurant.dart
DA:14,0
DA:16,0
LF:2
LH:0
end_of_record
SF:lib\app\modules\restaurants\presenter\controllers\restaurant_controller.dart
DA:9,1
DA:10,1
DA:13,1
DA:14,3
LF:4
LH:4
end_of_record
SF:lib\app\modules\restaurants\presenter\ui\pages\restaurants_page.dart
DA:11,10
DA:13,0
DA:15,0
DA:17,0
DA:18,0
DA:19,0
DA:20,0
DA:21,0
DA:25,0
DA:26,0
DA:28,0
DA:30,0
DA:34,0
DA:37,0
DA:39,0
DA:40,0
DA:41,0
DA:46,0
DA:47,0
DA:48,0
DA:50,0
DA:51,0
DA:52,0
DA:55,0
DA:56,0
DA:57,0
DA:58,0
DA:59,0
DA:60,0
DA:62,0
LF:30
LH:1
end_of_record
SF:lib\app\modules\restaurants\presenter\ui\widgets\restaurant_widget.dart
DA:11,0
DA:14,0
DA:16,0
DA:18,0
DA:20,0
DA:22,0
DA:23,0
DA:25,0
DA:26,0
DA:27,0
DA:28,0
DA:29,0
DA:30,0
DA:32,0
DA:35,0
DA:36,0
DA:37,0
DA:38,0
DA:39,0
DA:48,0
DA:49,0
DA:50,0
DA:52,0
DA:53,0
DA:54,0
DA:57,0
DA:60,0
DA:61,0
DA:62,0
DA:63,0
DA:66,0
DA:67,0
DA:68,0
DA:69,0
DA:70,0
DA:71,0
LF:36
LH:0
end_of_record
SF:lib\app\modules\splash\presenter\bloc\splash_bloc.dart
DA:8,6
DA:9,4
DA:12,2
DA:14,4
DA:15,2
DA:16,2
LF:6
LH:6
end_of_record
SF:lib\app\modules\splash\presenter\bloc\splash_event.dart
DA:4,12
DA:6,0
DA:7,0
DA:11,12
LF:4
LH:2
end_of_record
SF:lib\app\modules\splash\presenter\bloc\splash_state.dart
DA:4,2
DA:6,1
DA:7,1
LF:3
LH:3
end_of_record
SF:lib\app\modules\splash\presenter\ui\splash_page.dart
DA:8,11
DA:10,1
DA:12,1
DA:13,1
DA:14,3
DA:15,1
DA:16,1
DA:17,1
DA:18,1
DA:19,1
DA:22,1
DA:27,1
DA:28,0
LF:13
LH:12
end_of_record
SF:lib\generated\intl\messages_all.dart
DA:23,12
DA:24,8
DA:25,0
DA:28,4
DA:30,4
DA:31,4
DA:32,0
DA:33,0
DA:40,4
DA:41,4
DA:42,12
DA:43,0
DA:45,0
DA:47,8
DA:48,4
DA:49,12
DA:50,8
DA:51,4
DA:54,4
DA:56,4
DA:62,4
DA:64,4
DA:66,4
LF:23
LH:18
end_of_record
SF:lib\generated\intl\messages_en.dart
DA:16,12
DA:21,0
DA:23,0
DA:34,0
DA:36,2
DA:38,0
DA:44,0
DA:46,3
DA:50,1
DA:53,8
DA:54,4
DA:55,4
DA:57,4
DA:59,4
DA:62,4
DA:65,4
DA:66,4
DA:67,4
LF:18
LH:13
end_of_record
SF:lib\generated\intl\messages_pt.dart
DA:16,0
DA:21,0
DA:23,0
DA:34,0
DA:36,0
DA:38,0
DA:44,0
DA:46,0
DA:50,0
DA:53,0
DA:54,0
DA:55,0
DA:57,0
DA:59,0
DA:63,0
DA:67,0
DA:68,0
DA:69,0
LF:18
LH:0
end_of_record
