SF:lib\app\app_module.dart
DA:11,14
DA:12,28
DA:14,14
DA:15,14
DA:17,0
DA:18,0
DA:19,0
DA:20,0
DA:21,0
DA:23,0
DA:25,0
DA:27,0
DA:29,0
DA:30,0
DA:32,0
DA:34,0
DA:35,0
LF:17
LH:4
end_of_record
SF:lib\app\modules\menu\employee_menu_module.dart
DA:14,0
DA:15,0
DA:16,0
DA:17,0
DA:18,0
DA:19,0
DA:20,0
DA:21,0
DA:22,0
DA:25,0
DA:26,0
DA:27,0
DA:28,0
DA:29,0
DA:30,0
LF:15
LH:0
end_of_record
SF:lib\app\modules\employee_auth_guard.dart
DA:9,0
DA:10,0
DA:14,0
DA:16,0
DA:17,0
DA:18,0
DA:19,0
DA:20,0
DA:22,0
DA:23,0
DA:24,0
LF:11
LH:0
end_of_record
SF:lib\app\modules\menu\user_menu_module.dart
DA:16,4
DA:17,4
DA:18,4
DA:19,0
DA:20,4
DA:21,0
DA:22,4
DA:23,0
DA:25,4
DA:26,0
DA:27,4
DA:30,0
DA:31,0
DA:32,0
DA:33,0
DA:34,0
DA:36,0
DA:37,0
DA:39,0
DA:41,0
DA:42,0
LF:21
LH:7
end_of_record
SF:lib\app\modules\splash\splash_module.dart
DA:7,0
DA:8,0
DA:10,0
DA:11,0
DA:13,0
DA:14,0
DA:15,0
DA:16,0
DA:17,0
LF:9
LH:0
end_of_record
SF:lib\app\modules\auth\auth_module.dart
DA:34,14
DA:35,14
DA:36,14
DA:38,14
DA:40,14
DA:42,14
DA:44,14
DA:45,0
DA:47,14
DA:48,0
DA:50,14
DA:51,0
DA:53,14
DA:54,0
DA:56,14
DA:57,14
DA:58,0
DA:59,0
DA:60,0
DA:61,0
DA:62,0
DA:63,0
DA:64,0
DA:67,14
DA:68,0
DA:69,0
DA:71,17
DA:73,14
DA:75,17
DA:77,14
DA:78,0
DA:79,0
DA:81,14
DA:83,14
DA:84,0
DA:85,0
DA:87,14
DA:88,14
DA:89,0
DA:91,14
DA:95,0
DA:96,0
DA:97,0
DA:98,0
DA:99,0
DA:101,0
DA:103,0
DA:105,0
DA:106,0
DA:108,0
DA:110,0
DA:112,0
DA:114,0
DA:116,0
DA:118,0
DA:120,0
DA:122,0
DA:124,0
DA:126,0
LF:59
LH:22
end_of_record
SF:lib\app\modules\user_auth_guard.dart
DA:9,0
DA:10,0
DA:14,0
DA:16,0
DA:17,0
DA:18,0
DA:19,0
DA:20,0
DA:22,0
DA:23,0
LF:10
LH:0
end_of_record
SF:lib\app\modules\auth\domain\usecases\confirm_reset_password.dart
DA:14,1
DA:16,1
DA:19,2
DA:21,1
DA:22,3
LF:5
LH:5
end_of_record
SF:lib\app\modules\auth\domain\usecases\get_user_attributes.dart
DA:14,0
DA:16,0
DA:18,0
DA:19,0
DA:20,0
LF:5
LH:0
end_of_record
SF:lib\app\modules\auth\domain\usecases\resend_confirmation_code.dart
DA:13,1
DA:15,1
DA:17,2
DA:18,1
DA:19,3
LF:5
LH:5
end_of_record
SF:lib\app\modules\auth\infra\repository\auth_storage_impl.dart
DA:8,0
DA:10,0
DA:11,0
DA:12,0
DA:15,0
DA:17,0
DA:20,0
DA:22,0
DA:25,0
DA:27,0
DA:30,0
DA:32,0
DA:35,0
DA:37,0
DA:40,0
DA:42,0
DA:45,0
DA:47,0
LF:18
LH:0
end_of_record
SF:lib\app\modules\auth\presenter\bloc\auth\auth_state.dart
DA:4,34
DA:6,1
DA:7,1
DA:18,3
DA:20,1
DA:21,3
DA:27,3
DA:29,1
DA:30,2
DA:34,30
DA:40,4
DA:42,1
DA:43,2
LF:13
LH:13
end_of_record
SF:lib\app\modules\auth\presenter\bloc\auth\auth_event.dart
DA:4,5
DA:6,0
DA:7,0
DA:14,2
DA:16,0
DA:17,0
DA:21,1
DA:26,2
DA:28,0
DA:29,0
DA:36,2
DA:41,0
DA:42,0
LF:13
LH:5
end_of_record
SF:lib\app\modules\auth\presenter\bloc\auth\auth_bloc.dart
DA:30,2
DA:31,4
DA:33,4
DA:40,8
DA:41,8
DA:42,8
DA:43,8
DA:44,8
DA:47,2
DA:49,4
DA:50,10
DA:51,4
DA:52,8
DA:53,0
DA:55,0
DA:56,0
DA:57,0
DA:58,0
DA:59,0
DA:61,7
DA:62,1
DA:63,2
DA:64,2
DA:65,8
DA:66,8
DA:67,2
DA:68,4
DA:72,1
DA:74,2
DA:75,2
DA:76,2
DA:77,0
DA:78,0
DA:79,0
DA:80,0
DA:81,0
DA:83,0
DA:84,0
DA:88,1
DA:92,1
DA:93,2
DA:94,2
DA:95,3
DA:96,1
DA:97,1
DA:98,1
DA:99,1
DA:101,2
DA:102,2
DA:103,4
DA:107,2
DA:109,4
DA:110,6
DA:111,6
DA:112,2
DA:113,2
DA:114,2
DA:118,2
DA:120,4
DA:121,4
DA:122,6
DA:123,6
DA:124,2
DA:125,2
LF:64
LH:51
end_of_record
SF:lib\app\modules\auth\presenter\bloc\change-password\change_password_bloc.dart
DA:14,1
DA:15,1
DA:16,1
DA:17,1
DA:18,1
DA:19,1
DA:22,4
DA:23,4
DA:24,4
DA:27,0
DA:28,0
DA:29,0
DA:30,0
DA:31,0
DA:36,0
DA:39,0
DA:40,0
DA:41,0
DA:42,0
DA:43,0
DA:48,0
DA:49,0
DA:50,0
DA:55,0
DA:57,0
DA:58,0
DA:59,0
DA:60,0
DA:61,0
DA:62,0
DA:63,0
DA:64,0
DA:65,0
DA:66,0
DA:67,0
DA:68,0
DA:70,0
DA:74,0
LF:38
LH:9
end_of_record
SF:lib\app\modules\auth\presenter\bloc\confirm-email\confirm_email_bloc.dart
DA:12,0
DA:13,0
DA:14,0
DA:15,0
DA:18,0
DA:21,0
DA:22,0
DA:23,0
DA:24,0
DA:25,0
DA:30,0
DA:32,0
DA:33,0
DA:34,0
DA:36,0
DA:40,0
LF:16
LH:0
end_of_record
SF:lib\app\modules\auth\presenter\bloc\forgot-password\forgot_password_bloc.dart
DA:13,1
DA:14,1
DA:15,1
DA:16,1
DA:19,4
DA:22,0
DA:25,0
DA:26,0
DA:27,0
DA:28,0
DA:29,0
DA:34,0
DA:36,0
DA:37,0
DA:38,0
DA:39,0
DA:40,0
DA:42,0
DA:46,0
LF:19
LH:5
end_of_record
SF:lib\app\modules\auth\presenter\bloc\login\login_bloc.dart
DA:14,1
DA:15,1
DA:16,1
DA:17,1
DA:18,1
DA:21,4
DA:22,4
DA:25,0
DA:28,0
DA:29,0
DA:30,0
DA:31,0
DA:32,0
DA:37,0
DA:40,0
DA:41,0
DA:42,0
DA:43,0
DA:44,0
DA:49,0
DA:51,0
DA:52,0
DA:53,0
DA:54,0
DA:55,0
DA:56,0
DA:58,0
DA:62,0
LF:28
LH:7
end_of_record
SF:lib\app\modules\auth\presenter\bloc\register\bloc\register_event.dart
DA:4,2
DA:6,0
DA:7,0
DA:20,2
DA:31,0
DA:32,0
DA:33,0
DA:34,0
DA:35,0
DA:36,0
DA:37,0
DA:38,0
DA:39,0
DA:40,0
DA:48,1
DA:50,0
DA:51,0
DA:56,1
DA:58,0
DA:59,0
LF:20
LH:4
end_of_record
SF:lib\app\modules\auth\presenter\bloc\register\bloc\register_state.dart
DA:4,33
DA:6,1
DA:7,1
DA:15,30
DA:21,2
DA:23,1
DA:24,2
DA:30,2
DA:32,1
DA:33,2
LF:10
LH:10
end_of_record
SF:lib\app\modules\auth\presenter\bloc\register\bloc\register_bloc.dart
DA:22,3
DA:26,6
DA:27,6
DA:28,6
DA:29,6
DA:32,2
DA:34,4
DA:35,2
DA:36,2
DA:37,2
DA:39,2
DA:40,2
DA:41,2
DA:42,2
DA:43,2
DA:45,6
DA:46,8
DA:47,2
DA:48,1
DA:53,1
DA:55,2
DA:56,5
DA:57,4
DA:58,1
DA:59,1
DA:60,1
DA:64,1
DA:66,2
DA:67,3
DA:68,3
DA:69,1
DA:70,1
LF:32
LH:32
end_of_record
SF:lib\app\modules\auth\presenter\bloc\register\register_form_bloc.dart
DA:23,1
DA:26,1
DA:27,1
DA:28,2
DA:29,0
DA:30,0
DA:35,1
DA:38,1
DA:39,1
DA:40,2
DA:41,0
DA:42,0
DA:47,1
DA:48,3
DA:49,0
DA:54,1
DA:55,1
DA:56,1
DA:57,1
DA:58,2
DA:59,0
DA:60,0
DA:65,1
DA:66,1
DA:67,2
DA:68,0
DA:69,0
DA:78,1
DA:79,1
DA:80,1
DA:81,1
DA:82,1
DA:83,1
DA:84,1
DA:85,1
DA:86,1
DA:87,1
DA:88,1
DA:92,4
DA:93,4
DA:94,4
DA:95,4
DA:96,4
DA:99,0
DA:101,0
DA:102,0
DA:103,0
DA:104,0
DA:105,0
DA:106,0
DA:107,0
DA:108,0
DA:109,0
DA:110,0
DA:111,0
DA:112,0
DA:113,0
DA:114,0
DA:115,0
DA:119,0
DA:121,0
DA:124,0
LF:62
LH:34
end_of_record
SF:lib\app\modules\auth\presenter\bloc\resend-code\resend_code_form_bloc.dart
DA:13,1
DA:14,1
DA:15,1
DA:16,1
DA:19,4
DA:22,1
DA:25,1
DA:26,1
DA:27,2
DA:28,0
DA:29,0
DA:34,0
DA:36,0
DA:37,0
DA:38,0
DA:39,0
DA:40,0
DA:42,0
DA:46,0
LF:19
LH:9
end_of_record
SF:lib\app\modules\auth\presenter\ui\pages\change_password_page.dart
DA:16,1
DA:18,1
DA:20,1
DA:21,1
DA:22,1
DA:23,1
DA:24,1
DA:25,3
DA:28,2
DA:30,1
DA:31,1
DA:32,1
DA:33,1
DA:34,0
DA:35,0
DA:36,0
DA:41,1
DA:42,0
DA:43,0
DA:44,0
DA:46,1
DA:47,1
DA:51,1
DA:53,1
DA:54,1
DA:56,1
DA:58,4
DA:59,1
DA:65,1
DA:66,2
DA:67,2
DA:74,1
DA:75,2
DA:76,1
DA:77,1
DA:82,1
DA:83,1
DA:84,2
DA:87,1
DA:88,1
DA:89,2
DA:96,1
DA:98,1
DA:99,2
DA:109,1
DA:110,0
DA:111,0
DA:113,2
DA:118,1
DA:119,0
DA:120,0
DA:121,0
DA:123,2
DA:124,2
LF:54
LH:43
end_of_record
SF:lib\app\modules\auth\presenter\ui\pages\confirm_email_page.dart
DA:13,0
DA:15,0
DA:17,0
DA:18,0
DA:19,0
DA:20,0
DA:21,0
DA:22,0
DA:25,0
DA:26,0
DA:27,0
DA:28,0
DA:29,0
DA:30,0
DA:33,0
DA:34,0
DA:36,0
DA:37,0
DA:38,0
DA:39,0
DA:40,0
DA:42,0
DA:43,0
DA:46,0
DA:48,0
DA:49,0
DA:52,0
DA:54,0
DA:55,0
DA:61,0
DA:62,0
DA:63,0
DA:70,0
DA:71,0
DA:72,0
DA:73,0
DA:78,0
DA:80,0
DA:81,0
DA:86,0
DA:87,0
DA:88,0
DA:90,0
LF:43
LH:0
end_of_record
SF:lib\app\modules\auth\presenter\ui\pages\forgot_password_page.dart
DA:16,1
DA:18,1
DA:20,1
DA:21,1
DA:22,1
DA:23,1
DA:24,1
DA:25,1
DA:26,3
DA:29,2
DA:31,1
DA:32,1
DA:33,1
DA:34,1
DA:35,0
DA:36,0
DA:37,0
DA:38,0
DA:39,0
DA:43,1
DA:44,0
DA:45,0
DA:46,0
DA:48,1
DA:49,1
DA:53,1
DA:55,1
DA:56,1
DA:59,1
DA:61,4
DA:62,1
DA:68,1
DA:69,2
DA:70,2
DA:77,1
DA:78,2
DA:79,1
DA:80,1
DA:85,1
DA:86,1
DA:87,2
DA:92,1
DA:93,0
DA:94,0
DA:96,2
DA:101,1
DA:102,0
DA:103,0
DA:104,0
DA:106,2
DA:107,2
LF:51
LH:38
end_of_record
SF:lib\app\modules\auth\presenter\ui\pages\login_page.dart
DA:16,30
DA:18,1
DA:19,1
DA:25,1
DA:27,1
DA:28,3
DA:31,1
DA:33,1
DA:34,1
DA:35,1
DA:36,1
DA:37,1
DA:38,1
DA:39,3
DA:41,1
DA:42,2
DA:45,1
DA:46,0
DA:47,0
DA:48,0
DA:49,0
DA:52,0
DA:53,0
DA:54,0
DA:55,0
DA:56,0
DA:58,0
DA:62,1
DA:63,1
DA:65,1
DA:66,1
DA:67,0
DA:68,0
DA:69,0
DA:71,1
DA:72,1
DA:73,1
DA:74,1
DA:76,1
DA:78,4
DA:79,1
DA:85,1
DA:88,1
DA:91,1
DA:92,1
DA:93,1
DA:95,1
DA:97,1
DA:98,1
DA:99,2
DA:100,2
DA:107,1
DA:108,1
DA:109,2
DA:111,1
DA:112,1
DA:113,2
DA:123,1
DA:124,0
DA:125,0
DA:127,2
DA:133,1
DA:134,0
DA:135,0
DA:136,0
DA:138,2
DA:140,1
DA:141,0
DA:142,0
DA:144,2
DA:146,1
DA:147,0
DA:148,0
DA:150,2
LF:74
LH:52
end_of_record
SF:lib\app\modules\auth\presenter\ui\pages\register_page.dart
DA:18,30
DA:22,1
DA:23,1
DA:29,1
DA:31,1
DA:32,3
DA:35,1
DA:37,1
DA:38,1
DA:39,1
DA:40,1
DA:41,1
DA:42,1
DA:43,3
DA:45,1
DA:46,2
DA:49,2
DA:50,1
DA:51,1
DA:52,1
DA:53,1
DA:54,0
DA:55,0
DA:57,1
DA:58,0
DA:59,0
DA:62,1
DA:63,0
DA:64,0
DA:65,0
DA:67,1
DA:68,1
DA:71,1
DA:73,1
DA:74,1
DA:75,2
DA:76,2
DA:83,1
DA:85,1
DA:86,2
DA:88,1
DA:90,1
DA:91,1
DA:92,1
DA:94,2
DA:96,2
DA:98,1
DA:100,1
DA:101,2
DA:106,1
DA:107,1
DA:108,2
DA:115,1
DA:116,1
DA:117,2
DA:124,1
DA:125,1
DA:126,1
DA:128,1
DA:129,1
DA:130,2
DA:132,1
DA:133,1
DA:135,1
DA:136,1
DA:137,1
DA:138,1
DA:141,1
DA:142,2
DA:143,2
DA:148,1
DA:150,1
DA:151,1
DA:152,1
DA:154,1
DA:155,1
DA:156,2
DA:158,1
DA:159,1
DA:161,1
DA:162,1
DA:163,1
DA:164,1
DA:167,1
DA:168,2
DA:169,2
DA:174,1
DA:176,1
DA:177,1
DA:179,1
DA:180,0
DA:181,0
DA:182,0
DA:187,1
DA:188,2
DA:189,2
DA:197,1
DA:202,1
DA:203,0
DA:204,0
DA:206,2
DA:211,1
DA:212,0
DA:213,0
DA:215,2
DA:216,2
LF:106
LH:92
end_of_record
SF:lib\app\modules\auth\presenter\ui\pages\resend_confirmation_code_page.dart
DA:13,30
DA:15,1
DA:17,1
DA:24,1
DA:26,1
DA:27,3
DA:30,1
DA:32,1
DA:33,1
DA:34,1
DA:35,1
DA:36,3
DA:38,1
DA:39,2
DA:42,2
DA:44,1
DA:45,1
DA:46,0
DA:47,0
DA:48,0
DA:49,0
DA:51,0
DA:52,0
DA:53,0
DA:56,1
DA:57,0
DA:58,0
DA:59,0
DA:61,1
DA:62,1
DA:66,1
DA:68,1
DA:69,1
DA:71,1
DA:73,4
DA:74,1
DA:80,1
DA:81,2
DA:82,2
DA:89,1
DA:90,2
DA:91,1
DA:92,1
DA:97,1
DA:98,1
DA:99,2
DA:104,1
DA:105,0
DA:106,0
DA:108,2
DA:113,1
DA:114,0
DA:115,0
DA:117,2
DA:118,2
LF:55
LH:41
end_of_record
SF:lib\app\modules\auth\presenter\ui\pages\success_change_password_page.dart
DA:8,30
DA:10,1
DA:12,1
DA:13,1
DA:14,1
DA:16,1
DA:18,1
DA:19,1
DA:21,1
DA:23,4
DA:24,1
DA:30,1
DA:31,2
DA:32,2
DA:39,1
DA:40,0
DA:41,0
DA:43,2
LF:18
LH:16
end_of_record
SF:lib\app\modules\auth\presenter\ui\pages\success_confirm_page.dart
DA:8,30
DA:10,1
DA:12,1
DA:13,1
DA:14,1
DA:16,1
DA:18,1
DA:19,1
DA:21,1
DA:23,4
DA:24,1
DA:30,1
DA:31,2
DA:32,2
DA:39,1
DA:40,0
DA:41,0
DA:43,2
LF:18
LH:16
end_of_record
SF:lib\app\modules\auth\data\datasource\auth_datasource_impl.dart
DA:11,0
DA:16,0
DA:17,0
DA:20,0
DA:21,0
DA:22,0
DA:25,0
DA:26,0
DA:27,0
DA:28,0
DA:30,0
DA:31,0
DA:32,0
DA:33,0
DA:34,0
DA:35,0
DA:36,0
DA:37,0
DA:38,0
DA:39,0
DA:40,0
DA:41,0
DA:43,0
DA:47,0
DA:49,0
DA:50,0
DA:51,0
DA:52,0
DA:54,0
DA:56,0
DA:58,0
DA:60,0
DA:63,0
DA:64,0
DA:65,0
DA:66,0
DA:68,0
DA:69,0
DA:70,0
DA:71,0
DA:73,0
DA:74,0
DA:75,0
DA:76,0
DA:77,0
DA:78,0
DA:79,0
DA:80,0
DA:81,0
DA:83,0
DA:84,0
DA:88,0
DA:92,0
DA:96,0
DA:97,0
DA:98,0
DA:99,0
DA:102,0
DA:103,0
DA:104,0
DA:107,0
DA:108,0
DA:110,0
DA:113,0
DA:114,0
DA:115,0
DA:118,0
DA:119,0
DA:120,0
DA:123,0
DA:124,0
DA:125,0
DA:129,0
DA:130,0
DA:136,0
DA:139,0
DA:141,0
DA:142,0
DA:143,0
DA:145,0
DA:146,0
DA:147,0
DA:150,0
DA:151,0
DA:156,0
DA:160,0
DA:163,0
DA:164,0
DA:165,0
DA:166,0
DA:168,0
DA:169,0
DA:170,0
DA:172,0
DA:173,0
DA:174,0
DA:176,0
DA:177,0
DA:178,0
DA:180,0
DA:181,0
DA:182,0
DA:185,0
DA:186,0
DA:191,0
DA:195,0
DA:201,0
DA:202,0
DA:203,0
DA:205,0
DA:206,0
DA:207,0
DA:209,0
DA:210,0
DA:211,0
DA:213,0
DA:214,0
DA:215,0
DA:218,0
DA:219,0
DA:224,0
DA:227,0
DA:229,0
DA:230,0
DA:231,0
DA:233,0
DA:234,0
DA:235,0
DA:237,0
DA:238,0
DA:239,0
DA:241,0
DA:242,0
DA:243,0
DA:245,0
DA:246,0
DA:247,0
DA:250,0
DA:251,0
DA:256,0
DA:261,0
DA:262,0
DA:263,0
DA:264,0
DA:265,0
DA:267,0
DA:268,0
DA:269,0
DA:270,0
DA:271,0
DA:272,0
DA:273,0
DA:274,0
DA:276,0
DA:277,0
DA:278,0
DA:279,0
DA:281,0
DA:282,0
LF:159
LH:0
end_of_record
SF:lib\app\modules\auth\domain\usecases\confirm_email.dart
DA:14,1
DA:16,1
DA:19,2
DA:20,1
DA:21,3
LF:5
LH:5
end_of_record
SF:lib\app\modules\auth\domain\usecases\login_user.dart
DA:14,1
DA:16,1
DA:19,2
DA:20,1
DA:21,3
LF:5
LH:5
end_of_record
SF:lib\app\modules\auth\domain\usecases\logout_user.dart
DA:13,1
DA:15,1
DA:17,2
DA:18,1
DA:19,2
LF:5
LH:5
end_of_record
SF:lib\app\modules\auth\domain\usecases\register_user.dart
DA:13,1
DA:15,1
DA:17,2
DA:18,1
DA:19,3
LF:5
LH:5
end_of_record
SF:lib\app\modules\auth\domain\usecases\forgot_password.dart
DA:13,1
DA:15,1
DA:17,2
DA:18,1
DA:19,3
LF:5
LH:5
end_of_record
SF:lib\app\modules\auth\infra\repository\auth_repository_impl.dart
DA:11,1
DA:13,1
DA:16,2
DA:17,1
DA:18,3
DA:21,1
DA:23,2
DA:24,1
DA:25,3
DA:28,1
DA:32,2
DA:33,1
DA:34,3
DA:37,1
DA:39,2
DA:40,1
DA:41,3
DA:44,1
DA:46,2
DA:47,1
DA:48,3
DA:51,1
DA:54,2
DA:56,1
DA:57,3
DA:60,1
DA:62,2
DA:63,1
DA:64,3
DA:67,0
DA:70,0
DA:71,0
DA:72,0
LF:33
LH:29
end_of_record
SF:lib\app\modules\auth\infra\models\user_model.dart
DA:4,6
DA:16,0
DA:17,0
DA:18,0
DA:19,0
DA:20,0
DA:21,0
DA:22,0
DA:23,0
DA:24,0
DA:25,0
DA:26,0
LF:12
LH:1
end_of_record
SF:lib\generated\l10n.dart
DA:16,12
DA:20,6
DA:21,6
DA:28,12
DA:29,12
DA:30,0
DA:31,12
DA:32,12
DA:33,36
DA:34,12
DA:35,12
DA:42,10
DA:43,10
DA:44,10
DA:49,10
DA:50,10
DA:54,0
DA:55,0
DA:59,0
DA:64,1
DA:65,1
DA:69,1
DA:74,1
DA:75,1
DA:79,1
DA:84,4
DA:85,4
DA:89,4
DA:94,2
DA:95,2
DA:99,2
DA:104,1
DA:105,1
DA:109,1
DA:114,1
DA:115,1
DA:119,1
DA:124,1
DA:125,1
DA:129,1
DA:134,0
DA:135,0
DA:139,0
DA:144,1
DA:145,1
DA:149,1
DA:154,1
DA:155,1
DA:159,1
DA:164,2
DA:165,2
DA:169,2
DA:174,2
DA:175,2
DA:179,2
DA:184,3
DA:185,3
DA:189,3
DA:194,1
DA:195,1
DA:199,1
DA:204,0
DA:205,0
DA:209,0
DA:214,1
DA:215,1
DA:217,1
DA:225,1
DA:230,2
DA:231,2
DA:235,2
DA:240,0
DA:241,0
DA:245,0
DA:250,0
DA:251,0
DA:255,0
DA:260,0
DA:261,0
DA:265,0
DA:270,0
DA:271,0
DA:275,0
DA:280,0
DA:281,0
DA:285,0
DA:290,0
DA:291,0
DA:295,0
DA:300,0
DA:301,0
DA:305,0
DA:310,0
DA:311,0
DA:315,0
DA:320,0
DA:321,0
DA:325,0
DA:330,0
DA:331,0
DA:335,0
DA:340,0
DA:341,0
DA:345,0
DA:350,0
DA:351,0
DA:355,0
DA:360,0
DA:361,0
DA:365,0
DA:370,2
DA:371,2
DA:375,2
DA:380,1
DA:381,1
DA:385,1
DA:390,1
DA:391,1
DA:395,1
DA:400,1
DA:401,1
DA:405,1
DA:410,2
DA:411,2
DA:415,2
DA:420,1
DA:421,1
DA:425,1
DA:430,0
DA:431,0
DA:435,0
DA:440,1
DA:441,1
DA:445,1
DA:450,1
DA:451,1
DA:455,1
DA:460,1
DA:461,1
DA:465,1
DA:470,1
DA:471,1
DA:475,1
DA:480,3
DA:481,3
DA:485,3
DA:490,3
DA:491,3
DA:495,3
DA:500,3
DA:501,3
DA:505,3
DA:510,1
DA:511,1
DA:515,1
DA:520,2
DA:521,2
DA:523,2
DA:530,2
DA:535,1
DA:536,1
DA:538,1
DA:547,1
DA:552,0
DA:553,0
DA:557,0
DA:562,0
DA:563,0
DA:567,0
DA:572,0
DA:573,0
DA:577,0
DA:582,0
DA:583,0
DA:585,0
DA:599,0
DA:604,1
DA:605,1
DA:606,1
DA:611,1
DA:613,1
DA:614,1
DA:617,1
DA:622,0
DA:623,0
DA:624,0
DA:627,0
DA:632,1
DA:633,1
DA:637,1
DA:642,1
DA:643,1
DA:647,1
DA:652,1
DA:653,1
DA:657,1
DA:662,1
DA:663,1
DA:667,1
DA:672,1
DA:673,1
DA:677,1
DA:682,0
DA:683,0
DA:687,0
DA:692,0
DA:693,0
DA:697,0
DA:702,0
DA:703,0
DA:705,0
DA:716,0
DA:721,0
DA:722,0
DA:724,0
DA:735,0
DA:740,0
DA:741,0
DA:743,0
DA:756,0
DA:761,0
DA:762,0
DA:764,0
DA:772,0
DA:777,0
DA:778,0
DA:780,0
DA:792,0
DA:797,0
DA:798,0
DA:800,0
DA:810,0
DA:815,0
DA:816,0
DA:818,0
DA:830,0
DA:835,0
DA:836,0
DA:838,0
DA:848,0
DA:856,29
DA:858,10
DA:865,10
DA:866,10
DA:867,10
DA:868,10
DA:869,0
DA:872,10
DA:873,20
DA:874,30
LF:250
LH:142
end_of_record
SF:lib\app\modules\auth\domain\errors\auth_errors.dart
DA:4,15
DA:8,4
DA:12,4
DA:16,3
DA:20,6
DA:24,4
DA:29,3
DA:33,2
LF:8
LH:8
end_of_record
SF:lib\app\modules\auth\domain\entities\user_entity.dart
DA:14,6
DA:26,2
DA:27,2
DA:28,2
DA:29,2
DA:30,2
DA:31,2
DA:32,2
DA:33,2
DA:34,2
DA:35,2
DA:36,2
LF:12
LH:12
end_of_record
SF:lib\app\shared\infra\user_roles_enum.dart
DA:14,0
DA:16,0
DA:18,0
DA:20,0
DA:22,0
DA:27,0
DA:29,0
DA:31,0
DA:33,0
DA:35,0
DA:40,0
DA:41,0
DA:42,0
DA:43,0
DA:47,0
DA:48,0
LF:16
LH:0
end_of_record
SF:lib\app\shared\themes\app_colors.dart
DA:4,0
DA:5,22
DA:6,16
DA:7,12
DA:8,16
DA:9,2
LF:6
LH:5
end_of_record
SF:lib\app\shared\themes\app_text_styles.dart
DA:5,9
DA:6,3
DA:10,18
DA:11,6
DA:15,3
DA:16,1
DA:20,3
DA:21,1
DA:25,21
DA:26,7
DA:30,0
DA:31,0
LF:12
LH:10
end_of_record
SF:lib\app\modules\auth\presenter\ui\widgets\auth_button_widget.dart
DA:11,3
DA:13,3
DA:15,3
DA:17,3
DA:18,3
DA:19,3
DA:22,3
DA:23,3
DA:24,3
DA:25,0
DA:26,0
DA:29,3
DA:30,3
DA:31,6
DA:32,3
LF:15
LH:13
end_of_record
SF:lib\app\modules\auth\presenter\ui\widgets\text_button_login_widget.dart
DA:9,5
DA:15,5
DA:17,5
DA:19,5
DA:20,5
DA:21,5
DA:22,1
DA:23,1
DA:24,1
DA:25,1
DA:27,4
DA:28,4
DA:29,4
DA:30,4
DA:31,4
DA:32,4
DA:33,4
DA:34,4
DA:35,4
DA:36,4
LF:20
LH:20
end_of_record
SF:lib\app\modules\auth\presenter\ui\widgets\text_field_login_widget.dart
DA:16,5
DA:27,5
DA:29,5
DA:31,5
DA:32,5
DA:33,4
DA:34,4
DA:35,4
DA:38,5
DA:39,5
DA:41,5
DA:42,5
DA:43,5
DA:44,5
DA:48,5
DA:49,5
DA:50,5
DA:52,5
DA:53,5
DA:55,5
DA:57,10
LF:21
LH:21
end_of_record
SF:lib\app\modules\auth\presenter\ui\widgets\register_button_widget.dart
DA:11,2
DA:13,2
DA:15,2
DA:17,2
DA:18,2
DA:19,2
DA:22,2
DA:23,2
DA:24,2
DA:25,0
DA:26,0
DA:29,2
DA:30,2
DA:31,4
DA:32,2
LF:15
LH:13
end_of_record
SF:lib\app\modules\auth\presenter\ui\widgets\checkbox_field_login_widget.dart
DA:8,1
DA:11,1
DA:13,1
DA:15,1
DA:16,2
DA:17,2
DA:18,1
LF:7
LH:7
end_of_record
SF:lib\app\modules\auth\presenter\ui\widgets\button_widget.dart
DA:9,2
DA:11,2
DA:13,2
DA:15,2
DA:16,2
DA:17,2
DA:20,2
DA:21,2
DA:22,4
DA:23,2
LF:10
LH:10
end_of_record
SF:lib\app\modules\meal-info\meal_info_module.dart
DA:7,0
DA:8,0
DA:9,0
DA:12,0
DA:13,0
DA:14,0
DA:15,0
DA:16,0
LF:8
LH:0
end_of_record
SF:lib\app\modules\meal-info\presenter\ui\meal_info_page.dart
DA:11,1
DA:13,1
DA:15,1
DA:16,1
DA:17,1
DA:18,1
DA:20,1
DA:21,1
DA:22,1
DA:23,1
DA:26,1
DA:27,2
DA:29,1
DA:32,0
DA:33,0
DA:34,0
DA:35,0
DA:36,0
DA:43,1
DA:46,1
DA:47,0
DA:48,0
DA:50,1
DA:51,1
DA:53,1
DA:54,1
DA:56,1
DA:58,1
DA:66,1
DA:68,1
DA:70,1
DA:71,1
DA:72,2
DA:73,1
DA:76,1
DA:78,1
DA:79,1
DA:80,4
DA:81,1
DA:88,1
DA:89,2
DA:90,1
DA:96,1
DA:97,2
DA:98,1
DA:103,1
DA:105,1
DA:109,1
DA:110,1
DA:111,1
LF:50
LH:43
end_of_record
SF:lib\app\modules\menu\domain\entities\meal_entity.dart
DA:14,6
DA:24,1
DA:26,1
DA:27,1
DA:28,1
DA:29,1
DA:30,1
DA:31,1
DA:32,1
LF:9
LH:9
end_of_record
SF:lib\app\modules\meal-info\presenter\ui\widgets\meal_list_view_widget.dart
DA:7,1
DA:9,1
DA:11,1
DA:13,1
DA:14,1
DA:16,1
DA:18,1
DA:19,2
DA:21,1
DA:24,0
DA:25,0
DA:26,0
DA:27,0
DA:28,0
LF:14
LH:9
end_of_record
SF:lib\app\modules\menu\data\datasource\menu_datasource_impl.dart
DA:8,1
DA:12,2
DA:13,1
DA:14,1
DA:16,0
DA:20,1
DA:24,2
DA:25,1
DA:26,1
DA:28,0
LF:10
LH:8
end_of_record
SF:lib\app\modules\menu\infra\models\meal_model.dart
DA:5,4
DA:14,1
DA:15,1
DA:16,1
DA:17,1
DA:18,1
DA:19,1
DA:20,1
DA:21,2
DA:22,1
DA:26,1
DA:27,4
LF:12
LH:12
end_of_record
SF:lib\app\modules\menu\domain\enum\meal_enum.dart
DA:17,1
DA:18,2
DA:19,3
DA:20,1
DA:24,0
DA:25,0
LF:6
LH:4
end_of_record
SF:lib\app\modules\menu\domain\errors\errors.dart
DA:4,3
DA:8,2
DA:12,1
LF:3
LH:3
end_of_record
SF:lib\app\modules\menu\domain\usecases\get_restaurant_meal.dart
DA:16,1
DA:18,1
DA:20,1
DA:21,1
DA:23,1
DA:27,1
DA:28,2
DA:29,3
DA:30,1
DA:31,2
DA:32,4
DA:37,1
DA:38,2
DA:39,3
DA:40,1
DA:41,2
DA:42,4
LF:17
LH:17
end_of_record
SF:lib\app\modules\restaurants\domain\infra\restaurant_enum.dart
DA:6,2
DA:8,2
DA:9,4
DA:10,2
DA:11,4
DA:12,1
DA:17,1
DA:19,1
DA:20,2
DA:21,1
DA:22,2
DA:23,0
LF:12
LH:11
end_of_record
SF:lib\app\modules\menu\presenter\bloc\menu_bloc.dart
DA:21,2
DA:22,4
DA:23,4
DA:24,4
DA:25,4
DA:26,4
DA:29,2
DA:31,4
DA:32,8
DA:33,2
DA:34,4
DA:35,2
DA:36,2
DA:37,2
DA:43,1
DA:44,2
DA:45,2
DA:46,5
DA:47,4
DA:49,1
DA:50,2
DA:51,2
DA:52,1
DA:54,1
DA:55,1
DA:56,5
DA:58,1
DA:59,1
DA:65,1
DA:66,2
DA:67,2
DA:68,5
DA:69,4
DA:71,1
DA:72,2
DA:73,2
DA:74,1
DA:76,1
DA:77,4
DA:79,1
DA:80,1
DA:81,2
DA:87,1
DA:89,2
DA:90,2
DA:91,4
DA:92,1
DA:93,2
DA:94,2
DA:95,1
DA:96,1
LF:51
LH:51
end_of_record
SF:lib\app\modules\menu\presenter\bloc\menu_state.dart
DA:4,2
DA:6,1
DA:7,1
DA:18,2
DA:20,1
DA:21,3
DA:27,1
DA:29,1
DA:30,2
LF:9
LH:9
end_of_record
SF:lib\app\modules\menu\presenter\bloc\menu_event.dart
DA:4,3
DA:6,0
DA:7,0
DA:15,1
DA:17,0
DA:18,0
DA:24,1
DA:26,0
DA:27,0
DA:33,1
DA:35,0
DA:36,0
LF:12
LH:4
end_of_record
SF:lib\app\modules\menu\presenter\ui\employee\pages\employee_menu_page.dart
DA:17,0
DA:19,0
DA:21,0
DA:22,0
DA:23,0
DA:26,0
DA:27,0
DA:32,0
DA:36,0
DA:37,0
DA:38,0
DA:39,0
DA:40,0
DA:45,0
DA:46,0
DA:47,0
DA:49,0
DA:50,0
DA:51,0
DA:52,0
DA:53,0
DA:54,0
DA:56,0
DA:58,0
DA:59,0
DA:60,0
DA:61,0
DA:64,0
DA:65,0
DA:66,0
DA:69,0
DA:70,0
DA:72,0
DA:73,0
DA:76,0
DA:77,0
DA:79,0
DA:80,0
DA:81,0
DA:82,0
DA:84,0
DA:89,0
DA:90,0
DA:95,0
DA:96,0
DA:99,0
DA:100,0
DA:102,0
DA:103,0
DA:105,0
DA:106,0
DA:107,0
DA:109,0
DA:110,0
DA:111,0
DA:113,0
DA:123,0
DA:125,0
DA:126,0
DA:127,0
DA:128,0
DA:129,0
DA:131,0
DA:132,0
DA:133,0
DA:135,0
DA:136,0
DA:137,0
DA:138,0
DA:139,0
DA:144,0
DA:145,0
DA:146,0
DA:148,0
LF:74
LH:0
end_of_record
SF:lib\app\modules\menu\infra\repository\menu_repository_impl.dart
DA:12,1
DA:14,1
DA:18,2
DA:20,4
DA:23,1
DA:26,1
DA:30,2
DA:32,4
DA:35,1
LF:9
LH:9
end_of_record
SF:lib\app\modules\menu\presenter\bloc\contact\contact_form_bloc.dart
DA:8,0
DA:9,0
DA:10,0
DA:11,0
DA:16,0
DA:19,0
LF:6
LH:0
end_of_record
SF:lib\app\modules\menu\presenter\ui\user\widgets\error_loading_menu_widget.dart
DA:6,0
DA:8,0
DA:10,0
DA:12,0
DA:13,0
DA:16,0
DA:21,0
DA:22,0
DA:23,0
LF:9
LH:0
end_of_record
SF:lib\app\modules\menu\presenter\ui\user\widgets\filter_button_widget.dart
DA:11,0
DA:17,0
DA:19,0
DA:21,0
DA:22,0
DA:24,0
DA:29,0
DA:31,0
DA:32,0
DA:33,0
DA:34,0
DA:35,0
DA:36,0
DA:37,0
LF:14
LH:0
end_of_record
SF:lib\app\modules\menu\presenter\ui\employee\widgets\meal_card_employee_widget.dart
DA:11,0
DA:13,0
DA:15,0
DA:17,0
DA:18,0
DA:19,0
DA:20,0
DA:21,0
DA:24,0
DA:25,0
DA:26,0
DA:28,0
DA:29,0
DA:30,0
DA:31,0
DA:32,0
DA:33,0
DA:34,0
DA:35,0
DA:37,0
DA:38,0
DA:39,0
DA:42,0
DA:43,0
DA:45,0
DA:46,0
DA:49,0
DA:50,0
DA:63,0
DA:64,0
DA:67,0
DA:68,0
DA:69,0
DA:70,0
DA:71,0
DA:73,0
DA:77,0
DA:80,0
DA:81,0
DA:84,0
DA:85,0
DA:88,0
DA:90,0
DA:91,0
DA:92,0
DA:93,0
DA:95,0
DA:97,0
DA:99,0
DA:100,0
DA:101,0
DA:103,0
DA:109,0
DA:110,0
DA:111,0
DA:112,0
DA:114,0
DA:126,0
DA:129,0
DA:131,0
LF:60
LH:0
end_of_record
SF:lib\app\shared\utils\utils.dart
DA:4,3
DA:5,3
DA:6,0
LF:3
LH:2
end_of_record
SF:lib\app\shared\widgets\circular_progress_indicator_custom_widget.dart
DA:6,0
DA:8,0
DA:10,0
DA:11,0
DA:12,0
LF:5
LH:0
end_of_record
SF:lib\app\modules\menu\presenter\ui\user\pages\user_menu_page.dart
DA:16,30
DA:18,1
DA:20,1
DA:21,1
DA:22,1
DA:23,5
DA:24,1
DA:25,1
DA:26,1
DA:27,1
DA:28,1
DA:30,1
DA:32,2
DA:37,1
DA:38,0
DA:39,0
DA:41,0
DA:44,1
DA:50,2
DA:51,1
DA:54,1
DA:55,0
DA:56,0
DA:57,0
DA:60,1
DA:61,1
DA:62,1
DA:64,1
DA:65,1
DA:67,1
DA:68,1
DA:70,1
DA:71,1
DA:73,1
DA:74,1
DA:75,2
DA:76,1
DA:78,1
DA:85,1
DA:86,1
DA:88,1
DA:89,1
DA:93,1
DA:95,1
DA:96,1
DA:98,1
DA:99,1
DA:100,1
DA:101,0
DA:106,0
DA:110,0
DA:111,0
DA:114,0
DA:115,0
DA:117,0
DA:118,0
DA:120,0
DA:121,0
DA:122,0
DA:124,0
DA:125,0
DA:126,0
DA:128,0
DA:140,1
DA:141,1
DA:142,1
DA:146,1
DA:147,0
DA:148,0
DA:149,0
DA:150,0
DA:152,0
DA:153,0
DA:154,0
DA:156,0
DA:157,0
DA:166,0
DA:167,0
DA:168,0
DA:174,1
DA:175,0
DA:176,0
DA:179,3
LF:83
LH:48
end_of_record
SF:lib\app\modules\menu\presenter\ui\user\widgets\appbar\drop_down_restaurant_widget.dart
DA:10,1
DA:12,1
DA:14,1
DA:15,1
DA:17,1
DA:18,2
DA:19,1
DA:21,3
DA:23,1
DA:24,0
DA:25,0
DA:26,0
LF:12
LH:9
end_of_record
SF:lib\app\modules\menu\presenter\ui\user\widgets\contact\contact_dialog.dart
DA:12,29
DA:14,0
DA:16,0
DA:17,0
DA:18,0
DA:19,0
DA:20,0
DA:21,0
DA:23,0
DA:24,0
DA:25,0
DA:26,0
DA:27,0
DA:30,0
DA:31,0
DA:33,0
DA:34,0
DA:35,0
DA:36,0
DA:37,0
DA:38,0
DA:39,0
DA:43,0
DA:45,0
DA:47,0
DA:48,0
DA:49,0
DA:50,0
DA:54,0
DA:55,0
LF:30
LH:1
end_of_record
SF:lib\app\modules\menu\presenter\ui\user\widgets\meal_card_widget.dart
DA:12,0
DA:15,0
DA:17,0
DA:19,0
DA:20,0
DA:22,0
DA:23,0
DA:24,0
DA:26,0
DA:27,0
DA:29,0
DA:32,0
DA:33,0
DA:34,0
DA:36,0
DA:37,0
DA:39,0
DA:40,0
DA:42,0
DA:45,0
DA:46,0
DA:47,0
DA:48,0
DA:49,0
DA:57,0
DA:58,0
DA:61,0
DA:64,0
DA:65,0
DA:67,0
DA:68,0
DA:71,0
DA:72,0
DA:75,0
DA:76,0
DA:77,0
DA:78,0
LF:37
LH:0
end_of_record
SF:lib\app\modules\menu\presenter\ui\user\widgets\contact\text_field_contact_widget.dart
DA:17,0
DA:28,0
DA:30,0
DA:33,0
DA:34,0
DA:35,0
DA:36,0
DA:38,0
DA:40,0
DA:43,0
DA:44,0
DA:45,0
DA:47,0
DA:48,0
DA:50,0
DA:52,0
LF:16
LH:0
end_of_record
SF:lib\app\modules\restaurants\restaurant_module.dart
DA:10,2
DA:11,4
DA:12,2
DA:13,2
DA:14,4
DA:15,4
DA:16,1
DA:20,0
DA:21,0
DA:22,0
DA:23,0
DA:24,0
LF:12
LH:7
end_of_record
SF:lib\app\modules\restaurants\domain\entities\restaurant_entity.dart
DA:7,31
DA:9,0
DA:10,0
DA:11,0
LF:4
LH:1
end_of_record
SF:lib\app\modules\restaurants\domain\usecases\get_restaurant.dart
DA:14,2
DA:16,2
LF:2
LH:2
end_of_record
SF:lib\app\modules\restaurants\presenter\controllers\restaurant_controller.dart
DA:8,2
DA:9,2
DA:12,2
DA:13,6
LF:4
LH:4
end_of_record
SF:lib\app\modules\restaurants\presenter\ui\pages\restaurants_page.dart
DA:11,30
DA:13,1
DA:15,2
DA:17,1
DA:18,1
DA:19,1
DA:22,1
DA:23,1
DA:28,1
DA:32,1
DA:33,1
DA:34,1
DA:39,1
DA:41,1
DA:43,1
DA:44,1
DA:45,2
DA:47,3
DA:52,1
DA:53,1
DA:54,2
DA:55,1
DA:56,1
DA:58,3
LF:24
LH:24
end_of_record
SF:lib\app\modules\restaurants\presenter\ui\widgets\restaurant_widget.dart
DA:14,1
DA:17,1
DA:19,1
DA:21,1
DA:23,1
DA:24,0
DA:25,0
DA:26,1
DA:27,1
DA:28,1
DA:31,1
DA:33,1
DA:34,1
DA:35,1
DA:36,2
DA:37,2
DA:38,1
DA:39,1
DA:40,1
DA:42,1
DA:43,2
DA:44,1
DA:47,0
DA:48,0
DA:50,0
DA:51,0
DA:53,0
DA:54,0
DA:67,1
DA:69,1
DA:70,1
DA:72,1
DA:73,2
DA:74,2
DA:75,1
DA:78,1
DA:79,2
DA:80,2
DA:81,1
LF:39
LH:31
end_of_record
SF:lib\app\modules\splash\presenter\bloc\splash_bloc.dart
DA:8,6
DA:9,4
DA:12,2
DA:14,4
DA:15,2
DA:16,2
LF:6
LH:6
end_of_record
SF:lib\app\modules\splash\presenter\bloc\splash_event.dart
DA:4,31
DA:6,0
DA:7,0
DA:11,31
LF:4
LH:2
end_of_record
SF:lib\app\modules\splash\presenter\bloc\splash_state.dart
DA:4,2
DA:6,1
DA:7,1
LF:3
LH:3
end_of_record
SF:lib\app\modules\splash\presenter\ui\splash_page.dart
DA:8,30
DA:10,1
DA:12,1
DA:13,1
DA:14,1
DA:15,3
DA:16,1
DA:17,1
DA:18,1
DA:19,1
DA:20,1
DA:21,1
DA:27,1
DA:28,0
LF:14
LH:13
end_of_record
SF:lib\generated\intl\messages_all.dart
DA:23,36
DA:24,24
DA:25,0
DA:28,12
DA:30,12
DA:31,12
DA:32,0
DA:33,0
DA:40,12
DA:41,12
DA:42,36
DA:43,0
DA:45,0
DA:47,24
DA:48,12
DA:49,36
DA:50,24
DA:51,12
DA:54,12
DA:56,12
DA:62,12
DA:64,12
DA:66,12
LF:23
LH:18
end_of_record
SF:lib\generated\intl\messages_en.dart
DA:16,36
DA:21,0
DA:23,0
DA:30,0
DA:32,0
DA:42,0
DA:44,0
DA:53,0
DA:55,0
DA:63,0
DA:65,0
DA:74,0
DA:76,0
DA:81,0
DA:83,0
DA:94,0
DA:96,0
DA:98,2
DA:100,3
DA:105,1
DA:107,0
DA:115,0
DA:117,0
DA:126,0
DA:128,3
DA:134,1
DA:136,6
DA:140,2
DA:143,24
DA:144,12
DA:146,12
DA:148,12
DA:150,12
DA:151,12
DA:153,12
DA:155,12
DA:157,12
DA:159,12
DA:160,12
DA:162,12
DA:164,12
DA:165,12
DA:168,12
DA:169,12
DA:170,12
DA:172,12
DA:173,12
DA:175,12
DA:176,12
DA:179,12
DA:181,12
DA:182,12
DA:186,12
DA:187,12
DA:190,12
DA:192,12
DA:194,12
DA:195,12
DA:197,12
DA:199,12
DA:201,12
DA:202,12
DA:203,12
DA:205,12
DA:211,12
DA:213,12
DA:215,12
DA:216,12
DA:217,12
DA:218,12
DA:221,12
DA:223,12
DA:226,12
DA:229,12
DA:230,12
DA:231,12
DA:232,12
DA:234,12
DA:235,12
DA:238,12
DA:239,12
DA:241,12
DA:242,12
DA:244,12
LF:84
LH:64
end_of_record
SF:lib\generated\intl\messages_pt.dart
DA:16,0
DA:21,0
DA:23,0
DA:31,0
DA:33,0
DA:44,0
DA:46,0
DA:57,0
DA:59,0
DA:68,0
DA:70,0
DA:79,0
DA:81,0
DA:87,0
DA:89,0
DA:100,0
DA:102,0
DA:104,0
DA:106,0
DA:111,0
DA:113,0
DA:122,0
DA:124,0
DA:135,0
DA:137,0
DA:143,0
DA:145,0
DA:149,0
DA:152,0
DA:153,0
DA:155,0
DA:157,0
DA:159,0
DA:160,0
DA:162,0
DA:164,0
DA:166,0
DA:168,0
DA:169,0
DA:171,0
DA:173,0
DA:174,0
DA:177,0
DA:178,0
DA:179,0
DA:181,0
DA:183,0
DA:184,0
DA:185,0
DA:188,0
DA:190,0
DA:191,0
DA:195,0
DA:196,0
DA:199,0
DA:201,0
DA:203,0
DA:205,0
DA:207,0
DA:208,0
DA:211,0
DA:212,0
DA:213,0
DA:215,0
DA:220,0
DA:222,0
DA:224,0
DA:225,0
DA:227,0
DA:228,0
DA:231,0
DA:233,0
DA:235,0
DA:240,0
DA:241,0
DA:242,0
DA:243,0
DA:245,0
DA:247,0
DA:249,0
DA:250,0
DA:253,0
DA:254,0
DA:256,0
LF:84
LH:0
end_of_record
